0 info it worked if it ends with ok
1 verbose cli [ 'C:\\Program Files (x86)\\nodejs\\node.exe',
1 verbose cli   'C:\\Program Files (x86)\\nodejs\\node_modules\\npm\\bin\\npm-cli.js',
1 verbose cli   'install',
1 verbose cli   'express',
1 verbose cli   '--save' ]
2 info using npm@2.14.20
3 info using node@v4.4.1
4 verbose install initial load of C:\Silvio\nodeJs\package.json
5 warn package.json node_project@1.0.0 No repository field.
6 warn package.json node_project@1.0.0 No README data
7 verbose readDependencies loading dependencies from C:\Silvio\nodeJs\package.json
8 silly cache add args [ 'express', null ]
9 verbose cache add spec express
10 silly cache add parsed spec Result {
10 silly cache add   raw: 'express',
10 silly cache add   scope: null,
10 silly cache add   name: 'express',
10 silly cache add   rawSpec: '',
10 silly cache add   spec: 'latest',
10 silly cache add   type: 'tag' }
11 silly addNamed express@latest
12 verbose addNamed "latest" is being treated as a dist-tag for express
13 info addNameTag [ 'express', 'latest' ]
14 silly mapToRegistry name express
15 silly mapToRegistry using default registry
16 silly mapToRegistry registry https://registry.npmjs.org/
17 silly mapToRegistry uri https://registry.npmjs.org/express
18 verbose addNameTag registry:https://registry.npmjs.org/express not in flight; fetching
19 verbose request uri https://registry.npmjs.org/express
20 verbose request no auth needed
21 info attempt registry request try #1 at 07:58:12
22 verbose request id dcd6ba1c425f740f
23 http request GET https://registry.npmjs.org/express
24 info retry will retry, error on last attempt: Error: connect ETIMEDOUT 151.101.92.162:443
25 info attempt registry request try #2 at 07:58:43
26 http request GET https://registry.npmjs.org/express
27 info retry will retry, error on last attempt: Error: connect ETIMEDOUT 151.101.92.162:443
28 info attempt registry request try #3 at 08:00:04
29 http request GET https://registry.npmjs.org/express
30 verbose stack Error: connect ETIMEDOUT 151.101.92.162:443
30 verbose stack     at Object.exports._errnoException (util.js:870:11)
30 verbose stack     at exports._exceptionWithHostPort (util.js:893:20)
30 verbose stack     at TCPConnectWrap.afterConnect [as oncomplete] (net.js:1057:14)
31 verbose cwd C:\Silvio\nodeJs
32 error Windows_NT 10.0.10586
33 error argv "C:\\Program Files (x86)\\nodejs\\node.exe" "C:\\Program Files (x86)\\nodejs\\node_modules\\npm\\bin\\npm-cli.js" "install" "express" "--save"
34 error node v4.4.1
35 error npm  v2.14.20
36 error code ETIMEDOUT
37 error errno ETIMEDOUT
38 error syscall connect
39 error network connect ETIMEDOUT 151.101.92.162:443
39 error network This is most likely not a problem with npm itself
39 error network and is related to network connectivity.
39 error network In most cases you are behind a proxy or have bad network settings.
39 error network
39 error network If you are behind a proxy, please make sure that the
39 error network 'proxy' config is set properly.  See: 'npm help config'
40 verbose exit [ 1, true ]
